<?xml version="1.0" encoding="UTF-8"?>
<testsuite name="TestSuite" time="0.002" tests="12" errors="0" skipped="3" failures="3">
  <testcase name="testCreateUtils" classname="com.hp.demo.e2e.camera.CameraUseCaseTest" time="0">
    <failure message="Oscilating" type="java.lang.AssertionError">
      java.lang.AssertionError: Continuously failing
      at org.junit.Assert.fail(Assert.java:88)
      at
      com.hp.demo.client.notifications.NotificationsEventFactoryTest.testNullListener(NotificationsEventFactoryTest.java:34)
    </failure>
  </testcase>
  <testcase name="testDispatchNegative" classname="com.hp.demo.e2e.camera.CameraUseCaseTest" time="0">
    <skipped/>
  </testcase>
  <testcase name="testFoundUtils" classname="com.hp.demo.e2e.camera.CameraUseCaseTest" time="0">
    <failure message="Oscilating" type="java.lang.AssertionError">
      java.lang.AssertionError: Continuously failing
      at org.junit.Assert.fail(Assert.java:88)
      at
      com.hp.demo.client.notifications.NotificationsEventFactoryTest.testNullListener(NotificationsEventFactoryTest.java:34)
    </failure>
  </testcase>
  <testcase name="testMergeNegative" classname="com.hp.demo.e2e.camera.CameraUseCaseTest" time="0.001"/>
  <testcase name="testDispatchTasks" classname="com.hp.demo.e2e.contact.ContactFactoryTest" time="0"/>
  <testcase name="testInvalidUseCase" classname="com.hp.demo.e2e.contact.ContactFactoryTest" time="0">
    <skipped/>
  </testcase>
  <testcase name="testFoundUtils" classname="com.hp.demo.e2e.account.AccountUseCaseTest" time="0.001">
    <failure message="Oscilating" type="java.lang.AssertionError">
      java.lang.AssertionError: Continuously failing
      at org.junit.Assert.fail(Assert.java:88)
      at
      com.hp.demo.client.notifications.NotificationsEventFactoryTest.testNullListener(NotificationsEventFactoryTest.java:34)
    </failure>
  </testcase>
  <testcase name="testNotFoundUtils" classname="com.hp.demo.e2e.account.AccountUseCaseTest" time="0"/>
  <testcase name="testSimpleFactory" classname="com.hp.demo.e2e.image.ImageUseCaseTest" time="0"/>
  <testcase name="testMergeImage" classname="com.hp.demo.e2e.login.LoginFactoryHandlerTest" time="0">
    <skipped/>
  </testcase>
  <testcase name="testResetPlatform" classname="com.hp.demo.e2e.login.LoginFactoryHandlerTest" time="0"/>
  <testcase name="testCreateTasks" classname="com.hp.demo.e2e.notifications.NotificationsUseCaseTest" time="0"/>
</testsuite>