<?xml version="1.0" encoding="UTF-8"?>
<testsuite name="com.hp.demo.server.login.LoginComponentTest" time="10.466" tests="8" errors="0" skipped="0" failures="0">
  <properties>
    <property name="java.runtime.name" value="Java(TM) SE Runtime Environment"/>
    <property name="sun.boot.library.path" value="c:\Program Files\Java\jdk1.8.0_25\jre\bin"/>
    <property name="java.vm.version" value="25.25-b02"/>
    <property name="java.vm.vendor" value="Oracle Corporation"/>
    <property name="java.vendor.url" value="http://java.oracle.com/"/>
    <property name="path.separator" value=";"/>
    <property name="guice.disable.misplaced.annotation.check" value="true"/>
    <property name="java.vm.name" value="Java HotSpot(TM) 64-Bit Server VM"/>
    <property name="file.encoding.pkg" value="sun.io"/>
    <property name="user.script" value=""/>
    <property name="user.country" value="US"/>
    <property name="sun.java.launcher" value="SUN_STANDARD"/>
    <property name="sun.os.patch.level" value="Service Pack 1"/>
    <property name="java.vm.specification.name" value="Java Virtual Machine Specification"/>
    <property name="user.dir" value="C:\Program Files (x86)\Jenkins\jobs\GitHub\workspace"/>
    <property name="java.runtime.version" value="1.8.0_25-b18"/>
    <property name="java.awt.graphicsenv" value="sun.awt.Win32GraphicsEnvironment"/>
    <property name="java.endorsed.dirs" value="c:\Program Files\Java\jdk1.8.0_25\jre\lib\endorsed"/>
    <property name="os.arch" value="amd64"/>
    <property name="java.io.tmpdir" value="C:\Windows\TEMP\"/>
    <property name="line.separator" value="&#10;"/>
    <property name="java.vm.specification.vendor" value="Oracle Corporation"/>
    <property name="user.variant" value=""/>
    <property name="os.name" value="Windows 7"/>
    <property name="classworlds.conf" value="C:\apache-maven-3.0.5\bin\m2.conf"/>
    <property name="sun.jnu.encoding" value="Cp1252"/>
    <property name="java.library.path" value="c:\Program Files\Java\jdk1.8.0_25\bin;C:\Windows\Sun\Java\bin;C:\Windows\system32;C:\Windows;C:\apache-maven-3.0.5/bin;C:\ProgramData\Oracle\Java\javapath;c:\Program Files\Java\jdk1.8.0_25\\BIN;C:\oraclexe\app\oracle\product\11.2.0\server\bin;C:\Windows\system32;C:\Windows;C:\Windows\System32\Wbem;C:\Windows\System32\WindowsPowerShell\v1.0\;C:\apache-ant-1.9.4\bin;C:\apache-maven-3.0.5\bin;C:\Program Files\Intel\WiFi\bin\;C:\Users\Radovan\Documents\hp\bin;C:\Program Files\TortoiseSVN\bin;C:\Program Files\nodejs\;;."/>
    <property name="java.specification.name" value="Java Platform API Specification"/>
    <property name="java.class.version" value="52.0"/>
    <property name="sun.management.compiler" value="HotSpot 64-Bit Tiered Compilers"/>
    <property name="os.version" value="6.1"/>
    <property name="user.home" value="C:\Windows\system32\config\systemprofile"/>
    <property name="user.timezone" value="Europe/Prague"/>
    <property name="java.awt.printerjob" value="sun.awt.windows.WPrinterJob"/>
    <property name="java.specification.version" value="1.8"/>
    <property name="file.encoding" value="Cp1252"/>
    <property name="user.name" value="RADOVAN-PC$"/>
    <property name="java.class.path" value="C:\apache-maven-3.0.5\boot\plexus-classworlds-2.4.jar"/>
    <property name="java.vm.specification.version" value="1.8"/>
    <property name="sun.arch.data.model" value="64"/>
    <property name="java.home" value="c:\Program Files\Java\jdk1.8.0_25\jre"/>
    <property name="sun.java.command" value="org.codehaus.plexus.classworlds.launcher.Launcher clean verify"/>
    <property name="java.specification.vendor" value="Oracle Corporation"/>
    <property name="user.language" value="en"/>
    <property name="awt.toolkit" value="sun.awt.windows.WToolkit"/>
    <property name="java.vm.info" value="mixed mode"/>
    <property name="java.version" value="1.8.0_25"/>
    <property name="java.ext.dirs" value="c:\Program Files\Java\jdk1.8.0_25\jre\lib\ext;C:\Windows\Sun\Java\lib\ext"/>
    <property name="sun.boot.class.path" value="c:\Program Files\Java\jdk1.8.0_25\jre\lib\resources.jar;c:\Program Files\Java\jdk1.8.0_25\jre\lib\rt.jar;c:\Program Files\Java\jdk1.8.0_25\jre\lib\sunrsasign.jar;c:\Program Files\Java\jdk1.8.0_25\jre\lib\jsse.jar;c:\Program Files\Java\jdk1.8.0_25\jre\lib\jce.jar;c:\Program Files\Java\jdk1.8.0_25\jre\lib\charsets.jar;c:\Program Files\Java\jdk1.8.0_25\jre\lib\jfr.jar;c:\Program Files\Java\jdk1.8.0_25\jre\classes"/>
    <property name="java.vendor" value="Oracle Corporation"/>
    <property name="maven.home" value="C:\apache-maven-3.0.5"/>
    <property name="file.separator" value="\"/>
    <property name="java.vendor.url.bug" value="http://bugreport.sun.com/bugreport/"/>
    <property name="sun.cpu.endian" value="little"/>
    <property name="sun.io.unicode.encoding" value="UnicodeLittle"/>
    <property name="sun.desktop" value="windows"/>
    <property name="sun.cpu.isalist" value="amd64"/>
  </properties>
  <testcase name="testNullPerformance" classname="com.hp.demo.server.login.LoginComponentTest" time="0"/>
  <testcase name="testFoundListener" classname="com.hp.demo.server.login.LoginComponentTest" time="0"/>
  <testcase name="testFoundPlatform" classname="com.hp.demo.server.login.LoginComponentTest" time="0"/>
  <testcase name="testDispatchCamera" classname="com.hp.demo.server.login.LoginComponentTest" time="10.465"/>
  <testcase name="testNullModule" classname="com.hp.demo.server.login.LoginComponentTest" time="0"/>
  <testcase name="testRegistrationCallback" classname="com.hp.demo.server.login.LoginComponentTest" time="0"/>
  <testcase name="testResetNegative" classname="com.hp.demo.server.login.LoginComponentTest" time="0.001"/>
  <testcase name="testFoundContact" classname="com.hp.demo.server.login.LoginComponentTest" time="0"/>
</testsuite>